#
# There is insufficient memory for the Java Runtime Environment to continue.
# Native memory allocation (malloc) failed to allocate 1233856 bytes for Chunk::new
# Possible reasons:
#   The system is out of physical RAM or swap space
#   In 32 bit mode, the process size limit was hit
# Possible solutions:
#   Reduce memory load on the system
#   Increase physical memory or swap space
#   Check if swap backing store is full
#   Use 64 bit Java on a 64 bit OS
#   Decrease Java heap size (-Xmx/-Xms)
#   Decrease number of Java threads
#   Decrease Java thread stack sizes (-Xss)
#   Set larger code cache with -XX:ReservedCodeCacheSize=
# This output file may be truncated or incomplete.
#
#  Out of Memory Error (allocation.cpp:390), pid=1336, tid=3832
#
# JRE version: Java(TM) SE Runtime Environment (8.0_60-b27) (build 1.8.0_60-b27)
# Java VM: Java HotSpot(TM) 64-Bit Server VM (25.60-b23 mixed mode windows-amd64 compressed oops)
# Failed to write core dump. Minidumps are not enabled by default on client versions of Windows
#

---------------  T H R E A D  ---------------

Current thread (0x000000001555c800):  JavaThread "C2 CompilerThread0" daemon [_thread_in_native, id=3832, stack(0x0000000016bb0000,0x0000000016cb0000)]

Stack: [0x0000000016bb0000,0x0000000016cb0000]
[error occurred during error reporting (printing stack bounds), id 0xc0000005]

Native frames: (J=compiled Java code, j=interpreted, Vv=VM code, C=native code)


Current CompileTask:
C2:    712 1221       4       com.android.dx.ssa.SCCP::simulatePhi (169 bytes)


---------------  P R O C E S S  ---------------

Java Threads: ( => current thread )
  0x0000000016ee3800 JavaThread "Service Thread" daemon [_thread_blocked, id=7800, stack(0x00000000172b0000,0x00000000173b0000)]
  0x0000000015569800 JavaThread "C1 CompilerThread2" daemon [_thread_blocked, id=8624, stack(0x0000000016db0000,0x0000000016eb0000)]
  0x0000000015561800 JavaThread "C2 CompilerThread1" daemon [_thread_in_native, id=1856, stack(0x0000000016cb0000,0x0000000016db0000)]
=>0x000000001555c800 JavaThread "C2 CompilerThread0" daemon [_thread_in_native, id=3832, stack(0x0000000016bb0000,0x0000000016cb0000)]
  0x000000001555a000 JavaThread "Attach Listener" daemon [_thread_blocked, id=2952, stack(0x0000000016ab0000,0x0000000016bb0000)]
  0x0000000015559000 JavaThread "Signal Dispatcher" daemon [_thread_blocked, id=7420, stack(0x00000000169b0000,0x0000000016ab0000)]
  0x0000000002e86000 JavaThread "Finalizer" daemon [_thread_blocked, id=7924, stack(0x00000000167b0000,0x00000000168b0000)]
  0x0000000002e7d000 JavaThread "Reference Handler" daemon [_thread_blocked, id=8768, stack(0x00000000166b0000,0x00000000167b0000)]
  0x0000000002d90800 JavaThread "main" [_thread_in_Java, id=4476, stack(0x0000000002c20000,0x0000000002d20000)]

Other Threads:
  0x0000000015528000 VMThread [stack: 0x00000000165b0000,0x00000000166b0000] [id=5796]
  0x0000000016ef6000 WatcherThread [stack: 0x00000000173b0000,0x00000000174b0000] [id=5040]

VM state:not at safepoint (normal execution)

VM Mutex/Monitor currently owned by a thread: None

Heap:
 PSYoungGen      total 38400K, used 11245K [0x00000000eab00000, 0x00000000ef600000, 0x0000000100000000)
  eden space 33280K, 18% used [0x00000000eab00000,0x00000000eb0fcc68,0x00000000ecb80000)
  from space 5120K, 99% used [0x00000000ecb80000,0x00000000ed07eab8,0x00000000ed080000)
  to   space 5120K, 0% used [0x00000000ef100000,0x00000000ef100000,0x00000000ef600000)
 ParOldGen       total 87552K, used 2300K [0x00000000c0000000, 0x00000000c5580000, 0x00000000eab00000)
  object space 87552K, 2% used [0x00000000c0000000,0x00000000c023f2e0,0x00000000c5580000)
 Metaspace       used 5870K, capacity 7024K, committed 7296K, reserved 1056768K
  class space    used 589K, capacity 616K, committed 640K, reserved 1048576K

Card table byte_map: [0x0000000012250000,0x0000000012460000] byte_map_base: 0x0000000011c50000

Marking Bits: (ParMarkBitMap*) 0x000000005e5ca5b0
 Begin Bits: [0x00000000129c0000, 0x00000000139c0000)
 End Bits:   [0x00000000139c0000, 0x00000000149c0000)

Polling page: 0x00000000014c0000

CodeCache: size=245760Kb used=4976Kb max_used=4976Kb free=240783Kb
 bounds [0x0000000002e90000, 0x0000000003370000, 0x0000000011e90000]
 total_blobs=1596 nmethods=1334 adapters=175
 compilation: enabled

Compilation events (10 events):
Event: 0.708 Thread 0x0000000015569800 nmethod 1339 0x000000000336a250 code [0x000000000336a3a0, 0x000000000336a4b0]
Event: 0.708 Thread 0x0000000015569800 1340       2       com.android.dx.dex.file.IndexedItem::getIndex (22 bytes)
Event: 0.708 Thread 0x0000000015569800 nmethod 1340 0x000000000336a510 code [0x000000000336a680, 0x000000000336a888]
Event: 0.709 Thread 0x0000000015569800 1341       2       com.android.dx.dex.code.OutputFinisher::findOpcodeForInsn (51 bytes)
Event: 0.709 Thread 0x0000000015569800 nmethod 1341 0x000000000336a950 code [0x000000000336aae0, 0x000000000336ae38]
Event: 0.709 Thread 0x0000000015569800 1342       2       com.android.dx.dex.code.DalvInsn::setAddress (20 bytes)
Event: 0.709 Thread 0x0000000015569800 nmethod 1342 0x000000000336b150 code [0x000000000336b2c0, 0x000000000336b4c8]
Event: 0.709 Thread 0x0000000015569800 1343       2       com.android.dx.dex.code.DalvInsnList::set (7 bytes)
Event: 0.710 Thread 0x0000000015569800 nmethod 1343 0x000000000336b590 code [0x000000000336b740, 0x000000000336bba8]
Event: 0.710 Thread 0x0000000015569800 1344       2       com.android.dx.rop.code.SourcePosition::sameLine (17 bytes)

GC Heap History (2 events):
Event: 0.532 GC heap before
{Heap before GC invocations=1 (full 0):
 PSYoungGen      total 38400K, used 33280K [0x00000000eab00000, 0x00000000ed580000, 0x0000000100000000)
  eden space 33280K, 100% used [0x00000000eab00000,0x00000000ecb80000,0x00000000ecb80000)
  from space 5120K, 0% used [0x00000000ed080000,0x00000000ed080000,0x00000000ed580000)
  to   space 5120K, 0% used [0x00000000ecb80000,0x00000000ecb80000,0x00000000ed080000)
 ParOldGen       total 87552K, used 0K [0x00000000c0000000, 0x00000000c5580000, 0x00000000eab00000)
  object space 87552K, 0% used [0x00000000c0000000,0x00000000c0000000,0x00000000c5580000)
 Metaspace       used 5666K, capacity 6896K, committed 7040K, reserved 1056768K
  class space    used 573K, capacity 616K, committed 640K, reserved 1048576K
Event: 0.540 GC heap after
Heap after GC invocations=1 (full 0):
 PSYoungGen      total 38400K, used 5114K [0x00000000eab00000, 0x00000000ef600000, 0x0000000100000000)
  eden space 33280K, 0% used [0x00000000eab00000,0x00000000eab00000,0x00000000ecb80000)
  from space 5120K, 99% used [0x00000000ecb80000,0x00000000ed07eab8,0x00000000ed080000)
  to   space 5120K, 0% used [0x00000000ef100000,0x00000000ef100000,0x00000000ef600000)
 ParOldGen       total 87552K, used 2300K [0x00000000c0000000, 0x00000000c5580000, 0x00000000eab00000)
  object space 87552K, 2% used [0x00000000c0000000,0x00000000c023f2e0,0x00000000c5580000)
 Metaspace       used 5666K, capacity 6896K, committed 7040K, reserved 1056768K
  class space    used 573K, capacity 616K, committed 640K, reserved 1048576K
}

Deoptimization events (10 events):
Event: 0.648 Thread 0x0000000002d90800 Uncommon trap: reason=class_check action=maybe_recompile pc=0x00000000031dbe84 method=java.util.HashMap.putVal(ILjava/lang/Object;Ljava/lang/Object;ZZ)Ljava/lang/Object; @ 203
Event: 0.648 Thread 0x0000000002d90800 Uncommon trap: reason=bimorphic action=maybe_recompile pc=0x000000000333265c method=java.util.HashMap.getNode(ILjava/lang/Object;)Ljava/util/HashMap$Node; @ 126
Event: 0.648 Thread 0x0000000002d90800 Uncommon trap: reason=class_check action=maybe_recompile pc=0x00000000031dbe84 method=java.util.HashMap.putVal(ILjava/lang/Object;Ljava/lang/Object;ZZ)Ljava/lang/Object; @ 203
Event: 0.648 Thread 0x0000000002d90800 Uncommon trap: reason=bimorphic action=maybe_recompile pc=0x000000000333265c method=java.util.HashMap.getNode(ILjava/lang/Object;)Ljava/util/HashMap$Node; @ 126
Event: 0.648 Thread 0x0000000002d90800 Uncommon trap: reason=class_check action=maybe_recompile pc=0x00000000031dbe84 method=java.util.HashMap.putVal(ILjava/lang/Object;Ljava/lang/Object;ZZ)Ljava/lang/Object; @ 203
Event: 0.657 Thread 0x0000000002d90800 Uncommon trap: reason=class_check action=maybe_recompile pc=0x0000000003209b88 method=java.util.HashMap.putVal(ILjava/lang/Object;Ljava/lang/Object;ZZ)Ljava/lang/Object; @ 203
Event: 0.663 Thread 0x0000000002d90800 Uncommon trap: reason=bimorphic action=maybe_recompile pc=0x000000000335a220 method=java.util.HashMap.putVal(ILjava/lang/Object;Ljava/lang/Object;ZZ)Ljava/lang/Object; @ 203
Event: 0.663 Thread 0x0000000002d90800 Uncommon trap: reason=bimorphic action=maybe_recompile pc=0x000000000335a220 method=java.util.HashMap.putVal(ILjava/lang/Object;Ljava/lang/Object;ZZ)Ljava/lang/Object; @ 203
Event: 0.663 Thread 0x0000000002d90800 Uncommon trap: reason=bimorphic action=maybe_recompile pc=0x000000000335a220 method=java.util.HashMap.putVal(ILjava/lang/Object;Ljava/lang/Object;ZZ)Ljava/lang/Object; @ 203
Event: 0.663 Thread 0x0000000002d90800 Uncommon trap: reason=bimorphic action=maybe_recompile pc=0x000000000335a220 method=java.util.HashMap.putVal(ILjava/lang/Object;Ljava/lang/Object;ZZ)Ljava/lang/Object; @ 203

Internal exceptions (3 events):
Event: 0.026 Thread 0x0000000002d90800 Exception <a 'java/lang/NoSuchMethodError': Method sun.misc.Unsafe.defineClass(Ljava/lang/String;[BII)Ljava/lang/Class; name or signature does not match> (0x00000000eab13090) thrown at [C:\re\workspace\8-2-build-windows-amd64-cygwin\jdk8u60\4407\hotspot\srÉ¤:^Þ‡š?
Event: 0.026 Thread 0x0000000002d90800 Exception <a 'java/lang/NoSuchMethodError': Method sun.misc.Unsafe.prefetchRead(Ljava/lang/Object;J)V name or signature does not match> (0x00000000eab13378) thrown at [C:\re\workspace\8-2-build-windows-amd64-cygwin\jdk8u60\4407\hotspot\src\share\vm\prims\j„•ËìÕÛ?
Event: 0.435 Thread 0x0000000017015800 Implicit null exception at 0x000000000318aae2 to 0x000000000318abd2

Events (10 events):
Event: 0.705 loading class com/android/dx/dex/code/LocalList$MakeState
Event: 0.705 loading class com/android/dx/dex/code/LocalList$MakeState done
Event: 0.706 loading class com/android/dx/dex/code/LocalList$Disposition
Event: 0.706 loading class com/android/dx/dex/code/LocalList$Disposition done
Event: 0.706 loading class com/android/dx/dex/code/LocalList$Entry
Event: 0.706 loading class com/android/dx/dex/code/LocalList$Entry done
Event: 0.706 loading class com/android/dx/dex/code/CatchHandlerList
Event: 0.706 loading class com/android/dx/dex/code/CatchHandlerList done
Event: 0.707 loading class com/android/dx/dex/code/CatchTable
Event: 0.707 loading class com/android/dx/dex/code/CatchTable done


Dynamic libraries:
0x00007ff66d950000 - 0x00007ff66d987000 	C:\Program Files\Java\jdk1.8.0_60\bin\java.exe
0x00007ffdd72c0000 - 0x00007ffdd7481000 	C:\WINDOWS\SYSTEM32\ntdll.dll
0x00007ffdd6e00000 - 0x00007ffdd6ead000 	C:\WINDOWS\system32\KERNEL32.DLL
0x00007ffdd47b0000 - 0x00007ffdd498d000 	C:\WINDOWS\system32\KERNELBASE.dll
0x00007ffdd6eb0000 - 0x00007ffdd6f56000 	C:\WINDOWS\system32\ADVAPI32.dll
0x00007ffdd4e40000 - 0x00007ffdd4edd000 	C:\WINDOWS\system32\msvcrt.dll
0x00007ffdd70a0000 - 0x00007ffdd70fb000 	C:\WINDOWS\system32\sechost.dll
0x00007ffdd49f0000 - 0x00007ffdd4b16000 	C:\WINDOWS\system32\RPCRT4.dll
0x00007ffdd4cf0000 - 0x00007ffdd4e3e000 	C:\WINDOWS\system32\USER32.dll
0x00007ffdd5470000 - 0x00007ffdd55f6000 	C:\WINDOWS\system32\GDI32.dll
0x00007ffdbff90000 - 0x00007ffdc0204000 	C:\WINDOWS\WinSxS\amd64_microsoft.windows.common-controls_6595b64144ccf1df_6.0.10240.16384_none_f41f7b285750ef43\COMCTL32.dll
0x00007ffdd6bb0000 - 0x00007ffdd6be6000 	C:\WINDOWS\system32\IMM32.DLL
0x00007ffdd6bf0000 - 0x00007ffdd6d4c000 	C:\WINDOWS\system32\MSCTF.dll
0x000000005d940000 - 0x000000005da12000 	C:\Program Files\Java\jdk1.8.0_60\jre\bin\msvcr100.dll
0x000000005ddc0000 - 0x000000005e649000 	C:\Program Files\Java\jdk1.8.0_60\jre\bin\server\jvm.dll
0x00007ffdd6ba0000 - 0x00007ffdd6ba8000 	C:\WINDOWS\system32\PSAPI.DLL
0x00007ffdcc7b0000 - 0x00007ffdcc7b9000 	C:\WINDOWS\SYSTEM32\WSOCK32.dll
0x00007ffdd1fa0000 - 0x00007ffdd1fc3000 	C:\WINDOWS\SYSTEM32\WINMM.dll
0x00007ffdd5600000 - 0x00007ffdd5669000 	C:\WINDOWS\system32\WS2_32.dll
0x00007ffdd5100000 - 0x00007ffdd5108000 	C:\WINDOWS\system32\NSI.dll
0x00007ffdd1250000 - 0x00007ffdd125a000 	C:\WINDOWS\SYSTEM32\VERSION.dll
0x00007ffdd1f40000 - 0x00007ffdd1f6c000 	C:\WINDOWS\SYSTEM32\WINMMBASE.dll
0x00007ffdd3f60000 - 0x00007ffdd3fa4000 	C:\WINDOWS\system32\cfgmgr32.dll
0x00007ffdd25c0000 - 0x00007ffdd25e7000 	C:\WINDOWS\SYSTEM32\DEVOBJ.dll
0x000000005ddb0000 - 0x000000005ddbf000 	C:\Program Files\Java\jdk1.8.0_60\jre\bin\verify.dll
0x000000005dd80000 - 0x000000005dda9000 	C:\Program Files\Java\jdk1.8.0_60\jre\bin\java.dll
0x000000005dd60000 - 0x000000005dd76000 	C:\Program Files\Java\jdk1.8.0_60\jre\bin\zip.dll
0x00007ffdd5670000 - 0x00007ffdd6b92000 	C:\WINDOWS\system32\SHELL32.dll
0x00007ffdd4010000 - 0x00007ffdd4638000 	C:\WINDOWS\system32\windows.storage.dll
0x00007ffdd51f0000 - 0x00007ffdd546c000 	C:\WINDOWS\system32\combase.dll
0x00007ffdd7040000 - 0x00007ffdd7091000 	C:\WINDOWS\system32\shlwapi.dll
0x00007ffdd3d10000 - 0x00007ffdd3d1f000 	C:\WINDOWS\system32\kernel.appcore.dll
0x00007ffdd4640000 - 0x00007ffdd46f3000 	C:\WINDOWS\system32\shcore.dll
0x00007ffdd3d40000 - 0x00007ffdd3d8a000 	C:\WINDOWS\system32\powrprof.dll
0x00007ffdd3cf0000 - 0x00007ffdd3d03000 	C:\WINDOWS\system32\profapi.dll

VM Arguments:
jvm_args: -Djava.awt.headless=true -Xmx1024M -Dfile.encoding=windows-1257 -Duser.country=US -Duser.language=en -Duser.variant 
java_command: com.android.dx.command.Main --dex --num-threads=4 --output C:\Users\Korjus\AndroidStudioProjects\MovieTorrents\app\build\intermediates\pre-dexed\debug\debug_855d10e4814154d692ba38c8844bd6054006334e.jar C:\Users\Korjus\AndroidStudioProjects\MovieTorrents\app\build\intermediates\classes\debug
java_class_path (initial): C:\Users\Korjus\AppData\Local\Android\sdk\build-tools\23.0.1\lib\dx.jar
Launcher Type: SUN_STANDARD

Environment Variables:
PATH=C:\ProgramData\Oracle\Java\javapath;C:\WINDOWS\system32;C:\WINDOWS;C:\WINDOWS\System32\Wbem;C:\WINDOWS\System32\WindowsPowerShell\v1.0\;C:\Program Files (x86)\ATI Technologies\ATI.ACE\Core-Static;C:\Program Files (x86)\Skype\Phone\;C:\SQLite;C:\Program Files (x86)\Estonian ID Card\;C:\Users\Korjus\AppData\Local\Android\sdk\tools;C:\Users\Korjus\AppData\Local\Android\sdk\platform-tools
USERNAME=Korjus
OS=Windows_NT
PROCESSOR_IDENTIFIER=Intel64 Family 6 Model 58 Stepping 9, GenuineIntel



---------------  S Y S T E M  ---------------

OS: Windows 10.0 , 64 bit Build 10240 (10.0.10240.16384)

CPU:total 4 (4 cores per cpu, 1 threads per core) family 6 model 58 stepping 9, cmov, cx8, fxsr, mmx, sse, sse2, sse3, ssse3, sse4.1, sse4.2, popcnt, avx, aes, clmul, erms, tsc, tscinvbit, tscinv

Memory: 4k page, physical 8319796k(2051852k free), swap 11165676k(3556k free)

vm_info: Java HotSpot(TM) 64-Bit Server VM (25.60-b23) for windows-amd64 JRE (1.8.0_60-b27), built on Aug  4 2015 11:06:27 by "java_re" with MS VC++ 10.0 (VS2010)

time: Fri Dec 11 12:28:02 2015
elapsed time: 0 seconds (0d 0h 0m 0s)

